
00:22:24 [CONFIG] (synphony.Synphony:<clinit>) ------------- Tue Feb 07 00:22:24 BRST 2012 - Synphony 0.0.1 - JRE 1.7.0_01 - Windows 7 6.1 x86 - Fuad
00:22:28 [INFO] (synphony.file.Synchronizer:sync) Syncing... (FROM: D:\zsyncsource TO: D:\zsynctarget)
00:22:28 [INFO] (synphony.file.CopyFileVisitor:<init>) Source dir: D:\zsyncsource Target dir: D:\zsynctarget Size: 4096
00:22:28 [FINER] (synphony.file.CopyFileVisitor:preVisitDirectory) ENTRY {0}
00:22:28 [FINER] (synphony.file.CopyFileVisitor:preVisitDirectory) ENTRY {0}
00:22:28 [INFO] (synphony.file.CopyFileVisitor:visitFile) Copying entry: dabr\.htaccess
00:22:28 [INFO] (synphony.file.CopyFileVisitor:visitFile) Copying entry: dabr\.project
00:22:28 [INFO] (synphony.file.CopyFileVisitor:visitFile) Copying entry: dabr\about.html
00:22:28 [FINER] (synphony.file.CopyFileVisitor:preVisitDirectory) ENTRY {0}
00:22:28 [INFO] (synphony.file.CopyFileVisitor:visitFile) Copying entry: dabr\browsers\bigtouch.css
00:22:28 [INFO] (synphony.file.CopyFileVisitor:visitFile) Copying entry: dabr\browsers\bigtouch.php
00:22:28 [INFO] (synphony.file.CopyFileVisitor:visitFile) Copying entry: dabr\browsers\blackberry.php
00:22:28 [INFO] (synphony.file.CopyFileVisitor:visitFile) Copying entry: dabr\browsers\desktop.php
00:22:28 [INFO] (synphony.file.CopyFileVisitor:visitFile) Copying entry: dabr\browsers\list.csv
00:22:28 [INFO] (synphony.file.CopyFileVisitor:visitFile) Copying entry: dabr\browsers\text.php
00:22:28 [INFO] (synphony.file.CopyFileVisitor:visitFile) Copying entry: dabr\browsers\touch.css
00:22:28 [INFO] (synphony.file.CopyFileVisitor:visitFile) Copying entry: dabr\browsers\touch.js
00:22:28 [INFO] (synphony.file.CopyFileVisitor:visitFile) Copying entry: dabr\browsers\touch.php
00:22:28 [INFO] (synphony.file.CopyFileVisitor:visitFile) Copying entry: dabr\browsers\worksafe.php
00:22:28 [FINER] (synphony.file.CopyFileVisitor:preVisitDirectory) ENTRY {0}
00:22:28 [INFO] (synphony.file.CopyFileVisitor:visitFile) Copying entry: dabr\common\advert.php
00:22:28 [INFO] (synphony.file.CopyFileVisitor:visitFile) Copying entry: dabr\common\Autolink.php
00:22:28 [INFO] (synphony.file.CopyFileVisitor:visitFile) Copying entry: dabr\common\browser.php
00:22:28 [INFO] (synphony.file.CopyFileVisitor:visitFile) Copying entry: dabr\common\Embedly.php
00:22:28 [INFO] (synphony.file.CopyFileVisitor:visitFile) Copying entry: dabr\common\Extractor.php
00:22:28 [INFO] (synphony.file.CopyFileVisitor:visitFile) Copying entry: dabr\common\HitHighlighter.php
00:22:28 [INFO] (synphony.file.CopyFileVisitor:visitFile) Copying entry: dabr\common\lists.php
00:22:28 [INFO] (synphony.file.CopyFileVisitor:visitFile) Copying entry: dabr\common\menu.php
00:22:28 [INFO] (synphony.file.CopyFileVisitor:visitFile) Copying entry: dabr\common\OAuth.php
00:22:28 [INFO] (synphony.file.CopyFileVisitor:visitFile) Copying entry: dabr\common\Regex.php
00:22:28 [INFO] (synphony.file.CopyFileVisitor:visitFile) Copying entry: dabr\common\settings.php
00:22:28 [INFO] (synphony.file.CopyFileVisitor:visitFile) Copying entry: dabr\common\theme.php
00:22:28 [INFO] (synphony.file.CopyFileVisitor:visitFile) Copying entry: dabr\common\twitter.php
00:22:28 [INFO] (synphony.file.CopyFileVisitor:visitFile) Copying entry: dabr\common\user.php
00:22:28 [INFO] (synphony.file.CopyFileVisitor:visitFile) Copying entry: dabr\config.sample.php
00:22:28 [FINER] (synphony.file.CopyFileVisitor:preVisitDirectory) ENTRY {0}
00:22:28 [INFO] (synphony.file.CopyFileVisitor:visitFile) Copying entry: dabr\images\dabr.png
00:22:28 [INFO] (synphony.file.CopyFileVisitor:visitFile) Copying entry: dabr\images\dm.png
00:22:28 [INFO] (synphony.file.CopyFileVisitor:visitFile) Copying entry: dabr\images\dmL.png
00:22:28 [INFO] (synphony.file.CopyFileVisitor:visitFile) Copying entry: dabr\images\map.png
00:22:28 [INFO] (synphony.file.CopyFileVisitor:visitFile) Copying entry: dabr\images\mapL.png
00:22:28 [INFO] (synphony.file.CopyFileVisitor:visitFile) Copying entry: dabr\images\q.png
00:22:28 [INFO] (synphony.file.CopyFileVisitor:visitFile) Copying entry: dabr\images\qL.png
00:22:28 [INFO] (synphony.file.CopyFileVisitor:visitFile) Copying entry: dabr\images\reply.png
00:22:28 [INFO] (synphony.file.CopyFileVisitor:visitFile) Copying entry: dabr\images\replyall.png
00:22:28 [INFO] (synphony.file.CopyFileVisitor:visitFile) Copying entry: dabr\images\replyallL.png
00:22:28 [INFO] (synphony.file.CopyFileVisitor:visitFile) Copying entry: dabr\images\replyL.png
00:22:28 [INFO] (synphony.file.CopyFileVisitor:visitFile) Copying entry: dabr\images\retweet.png
00:22:28 [INFO] (synphony.file.CopyFileVisitor:visitFile) Copying entry: dabr\images\retweeted.png
00:22:28 [INFO] (synphony.file.CopyFileVisitor:visitFile) Copying entry: dabr\images\retweetedL.png
00:22:28 [INFO] (synphony.file.CopyFileVisitor:visitFile) Copying entry: dabr\images\retweetL.png
00:22:28 [INFO] (synphony.file.CopyFileVisitor:visitFile) Copying entry: dabr\images\star.png
00:22:28 [INFO] (synphony.file.CopyFileVisitor:visitFile) Copying entry: dabr\images\starL.png
00:22:28 [INFO] (synphony.file.CopyFileVisitor:visitFile) Copying entry: dabr\images\star_grey.png
00:22:28 [INFO] (synphony.file.CopyFileVisitor:visitFile) Copying entry: dabr\images\star_greyL.png
00:22:28 [INFO] (synphony.file.CopyFileVisitor:visitFile) Copying entry: dabr\images\trash.gif
00:22:28 [INFO] (synphony.file.CopyFileVisitor:visitFile) Copying entry: dabr\images\trashL.png
00:22:28 [INFO] (synphony.file.CopyFileVisitor:visitFile) Copying entry: dabr\images\twitter_button_2_lo.gif
00:22:28 [INFO] (synphony.file.CopyFileVisitor:visitFile) Copying entry: dabr\index.php
00:22:28 [INFO] (synphony.file.CopyFileVisitor:visitFile) Copying entry: dabr-r430.zip
00:22:28 [INFO] (synphony.file.CopyFileVisitor:visitFile) Copying entry: lzma920.7z
00:22:28 [INFO] (synphony.file.CopyFileVisitor:visitFile) Copying entry: npp.5.9.src.7z
00:22:28 [INFO] (synphony.file.CopyFileVisitor:visitFile) Copying entry: winter.m4a
00:22:28 [INFO] (synphony.file.Synchronizer:sync) Sync finished (315 milliseconds)


00:39:43 [CONFIG] (synphony.Synphony:<clinit>) ------------- Tue Feb 07 00:39:43 BRST 2012 - Synphony 0.0.1 - JRE 1.7.0_01 - Windows 7 6.1 x86 - Fuad


00:42:12 [CONFIG] (synphony.Synphony:<clinit>) --- Tue Feb 07 00:42:12 BRST 2012 - Synphony 0.0.1 - JRE 1.7.0_01 - Windows 7 6.1 x86 - Fuad
00:42:15 [INFO] (synphony.file.Synchronizer:sync) Syncing... (FROM: D:\zsyncsource TO: D:\zsynctarget)
00:42:15 [INFO] (synphony.file.CopyFileVisitor:<init>) Source dir: D:\zsyncsource Target dir: D:\zsynctarget Size: 4096
00:42:15 [INFO] (synphony.file.CopyFileVisitor:visitFile) Entry skipped: dabr\.htaccess
00:42:15 [INFO] (synphony.file.CopyFileVisitor:visitFile) Entry skipped: dabr\.project
00:42:15 [INFO] (synphony.file.CopyFileVisitor:visitFile) Entry skipped: dabr\about.html
00:42:15 [INFO] (synphony.file.CopyFileVisitor:visitFile) Entry skipped: dabr\browsers\bigtouch.css
00:42:15 [INFO] (synphony.file.CopyFileVisitor:visitFile) Entry skipped: dabr\browsers\bigtouch.php
00:42:15 [INFO] (synphony.file.CopyFileVisitor:visitFile) Entry skipped: dabr\browsers\blackberry.php
00:42:15 [INFO] (synphony.file.CopyFileVisitor:visitFile) Entry skipped: dabr\browsers\desktop.php
00:42:15 [INFO] (synphony.file.CopyFileVisitor:visitFile) Entry skipped: dabr\browsers\list.csv
00:42:15 [INFO] (synphony.file.CopyFileVisitor:visitFile) Entry skipped: dabr\browsers\text.php
00:42:15 [INFO] (synphony.file.CopyFileVisitor:visitFile) Entry skipped: dabr\browsers\touch.css
00:42:15 [INFO] (synphony.file.CopyFileVisitor:visitFile) Entry skipped: dabr\browsers\touch.js
00:42:15 [INFO] (synphony.file.CopyFileVisitor:visitFile) Entry skipped: dabr\browsers\touch.php
00:42:15 [INFO] (synphony.file.CopyFileVisitor:visitFile) Entry skipped: dabr\browsers\worksafe.php
00:42:15 [INFO] (synphony.file.CopyFileVisitor:visitFile) Entry skipped: dabr\common\advert.php
00:42:15 [INFO] (synphony.file.CopyFileVisitor:visitFile) Entry skipped: dabr\common\Autolink.php
00:42:15 [INFO] (synphony.file.CopyFileVisitor:visitFile) Entry skipped: dabr\common\browser.php
00:42:15 [INFO] (synphony.file.CopyFileVisitor:visitFile) Entry skipped: dabr\common\Embedly.php
00:42:15 [INFO] (synphony.file.CopyFileVisitor:visitFile) Entry skipped: dabr\common\Extractor.php
00:42:15 [INFO] (synphony.file.CopyFileVisitor:visitFile) Entry skipped: dabr\common\HitHighlighter.php
00:42:15 [INFO] (synphony.file.CopyFileVisitor:visitFile) Entry skipped: dabr\common\lists.php
00:42:15 [INFO] (synphony.file.CopyFileVisitor:visitFile) Entry skipped: dabr\common\menu.php
00:42:15 [INFO] (synphony.file.CopyFileVisitor:visitFile) Entry skipped: dabr\common\OAuth.php
00:42:15 [INFO] (synphony.file.CopyFileVisitor:visitFile) Entry skipped: dabr\common\Regex.php
00:42:15 [INFO] (synphony.file.CopyFileVisitor:visitFile) Entry skipped: dabr\common\settings.php
00:42:15 [INFO] (synphony.file.CopyFileVisitor:visitFile) Entry skipped: dabr\common\theme.php
00:42:15 [INFO] (synphony.file.CopyFileVisitor:visitFile) Entry skipped: dabr\common\twitter.php
00:42:15 [INFO] (synphony.file.CopyFileVisitor:visitFile) Entry skipped: dabr\common\user.php
00:42:15 [INFO] (synphony.file.CopyFileVisitor:visitFile) Entry skipped: dabr\config.sample.php
00:42:15 [INFO] (synphony.file.CopyFileVisitor:visitFile) Entry skipped: dabr\images\dabr.png
00:42:15 [INFO] (synphony.file.CopyFileVisitor:visitFile) Entry skipped: dabr\images\dm.png
00:42:15 [INFO] (synphony.file.CopyFileVisitor:visitFile) Entry skipped: dabr\images\dmL.png
00:42:15 [INFO] (synphony.file.CopyFileVisitor:visitFile) Entry skipped: dabr\images\map.png
00:42:15 [INFO] (synphony.file.CopyFileVisitor:visitFile) Entry skipped: dabr\images\mapL.png
00:42:15 [INFO] (synphony.file.CopyFileVisitor:visitFile) Entry skipped: dabr\images\q.png
00:42:15 [INFO] (synphony.file.CopyFileVisitor:visitFile) Entry skipped: dabr\images\qL.png
00:42:15 [INFO] (synphony.file.CopyFileVisitor:visitFile) Entry skipped: dabr\images\reply.png
00:42:15 [INFO] (synphony.file.CopyFileVisitor:visitFile) Entry skipped: dabr\images\replyall.png
00:42:15 [INFO] (synphony.file.CopyFileVisitor:visitFile) Entry skipped: dabr\images\replyallL.png
00:42:15 [INFO] (synphony.file.CopyFileVisitor:visitFile) Entry skipped: dabr\images\replyL.png
00:42:15 [INFO] (synphony.file.CopyFileVisitor:visitFile) Entry skipped: dabr\images\retweet.png
00:42:15 [INFO] (synphony.file.CopyFileVisitor:visitFile) Entry skipped: dabr\images\retweeted.png
00:42:15 [INFO] (synphony.file.CopyFileVisitor:visitFile) Entry skipped: dabr\images\retweetedL.png
00:42:15 [INFO] (synphony.file.CopyFileVisitor:visitFile) Entry skipped: dabr\images\retweetL.png
00:42:15 [INFO] (synphony.file.CopyFileVisitor:visitFile) Entry skipped: dabr\images\star.png
00:42:15 [INFO] (synphony.file.CopyFileVisitor:visitFile) Entry skipped: dabr\images\starL.png
00:42:15 [INFO] (synphony.file.CopyFileVisitor:visitFile) Entry skipped: dabr\images\star_grey.png
00:42:15 [INFO] (synphony.file.CopyFileVisitor:visitFile) Entry skipped: dabr\images\star_greyL.png
00:42:15 [INFO] (synphony.file.CopyFileVisitor:visitFile) Entry skipped: dabr\images\trash.gif
00:42:15 [INFO] (synphony.file.CopyFileVisitor:visitFile) Entry skipped: dabr\images\trashL.png
00:42:15 [INFO] (synphony.file.CopyFileVisitor:visitFile) Entry skipped: dabr\images\twitter_button_2_lo.gif
00:42:15 [INFO] (synphony.file.CopyFileVisitor:visitFile) Entry skipped: dabr\index.php
00:42:15 [INFO] (synphony.file.CopyFileVisitor:visitFile) Entry skipped: dabr-r430.zip
00:42:15 [INFO] (synphony.file.CopyFileVisitor:visitFile) Entry skipped: lzma920.7z
00:42:15 [INFO] (synphony.file.CopyFileVisitor:visitFile) Entry skipped: npp.5.9.src.7z
00:42:15 [INFO] (synphony.file.CopyFileVisitor:visitFile) Entry skipped: winter.m4a
00:42:15 [INFO] (synphony.file.Synchronizer:sync) Sync finished (79 milliseconds)


00:44:34 [CONFIG] (synphony.Synphony:<clinit>) --- Tue Feb 07 00:44:34 BRST 2012 - Synphony 0.0.1 - JRE 1.7.0_01 - Windows 7 6.1 x86 - Fuad


00:44:53 [CONFIG] (synphony.Synphony:<clinit>) --- Tue Feb 07 00:44:53 BRST 2012 - Synphony 0.0.1 - JRE 1.7.0_01 - Windows 7 6.1 x86 - Fuad


00:45:19 [CONFIG] (synphony.Synphony:<clinit>) --- Tue Feb 07 00:45:19 BRST 2012 - Synphony 0.0.1 - JRE 1.7.0_01 - Windows 7 6.1 x86 - Fuad


00:45:30 [CONFIG] (synphony.Synphony:<clinit>) --- Tue Feb 07 00:45:30 BRST 2012 - Synphony 0.0.1 - JRE 1.7.0_01 - Windows 7 6.1 x86 - Fuad


01:00:37 [CONFIG] (synphony.Synphony:<clinit>) --- Tue Feb 07 01:00:37 BRST 2012 - Synphony 0.0.1 - JRE 1.7.0_01 - Windows 7 6.1 x86 - Fuad


01:00:52 [CONFIG] (synphony.Synphony:<clinit>) --- Tue Feb 07 01:00:52 BRST 2012 - Synphony 0.0.1 - JRE 1.7.0_01 - Windows 7 6.1 x86 - Fuad


01:01:28 [CONFIG] (synphony.Synphony:<clinit>) --- Tue Feb 07 01:01:28 BRST 2012 - Synphony 0.0.1 - JRE 1.7.0_01 - Windows 7 6.1 x86 - Fuad


01:03:08 [CONFIG] (synphony.Synphony:<clinit>) --- Tue Feb 07 01:03:08 BRST 2012 - Synphony 0.0.1 - JRE 1.7.0_01 - Windows 7 6.1 x86 - Fuad


01:10:03 [CONFIG] (synphony.Synphony:<clinit>) --- Tue Feb 07 01:10:03 BRST 2012 - Synphony 0.0.1 - JRE 1.7.0_01 - Windows 7 6.1 x86 - Fuad


01:11:19 [CONFIG] (synphony.Synphony:<clinit>) --- Tue Feb 07 01:11:19 BRST 2012 - Synphony 0.0.1 - JRE 1.7.0_01 - Windows 7 6.1 x86 - Fuad


01:12:24 [CONFIG] (synphony.Synphony:<clinit>) --- Tue Feb 07 01:12:24 BRST 2012 - Synphony 0.0.1 - JRE 1.7.0_01 - Windows 7 6.1 x86 - Fuad


01:12:42 [CONFIG] (synphony.Synphony:<clinit>) --- Tue Feb 07 01:12:42 BRST 2012 - Synphony 0.0.1 - JRE 1.7.0_01 - Windows 7 6.1 x86 - Fuad


01:14:17 [CONFIG] (synphony.Synphony:<clinit>) --- Tue Feb 07 01:14:17 BRST 2012 - Synphony 0.0.1 - JRE 1.7.0_01 - Windows 7 6.1 x86 - Fuad


01:14:39 [CONFIG] (synphony.Synphony:<clinit>) --- Tue Feb 07 01:14:39 BRST 2012 - Synphony 0.0.1 - JRE 1.7.0_01 - Windows 7 6.1 x86 - Fuad


01:14:47 [CONFIG] (synphony.Synphony:<clinit>) --- Tue Feb 07 01:14:47 BRST 2012 - Synphony 0.0.1 - JRE 1.7.0_01 - Windows 7 6.1 x86 - Fuad


01:14:58 [CONFIG] (synphony.Synphony:<clinit>) --- Tue Feb 07 01:14:58 BRST 2012 - Synphony 0.0.1 - JRE 1.7.0_01 - Windows 7 6.1 x86 - Fuad


01:16:56 [CONFIG] (synphony.Synphony:<clinit>) --- Tue Feb 07 01:16:56 BRST 2012 - Synphony 0.0.1 - JRE 1.7.0_01 - Windows 7 6.1 x86 - Fuad


01:17:23 [CONFIG] (synphony.Synphony:<clinit>) --- Tue Feb 07 01:17:23 BRST 2012 - Synphony 0.0.1 - JRE 1.7.0_01 - Windows 7 6.1 x86 - Fuad


01:18:35 [CONFIG] (synphony.Synphony:<clinit>) --- Tue Feb 07 01:18:35 BRST 2012 - Synphony 0.0.1 - JRE 1.7.0_01 - Windows 7 6.1 x86 - Fuad


01:21:08 [CONFIG] (synphony.Synphony:<clinit>) --- Tue Feb 07 01:21:08 BRST 2012 - Synphony 0.0.1 - JRE 1.7.0_01 - Windows 7 6.1 x86 - Fuad


01:21:12 [CONFIG] (synphony.Synphony:<clinit>) --- Tue Feb 07 01:21:12 BRST 2012 - Synphony 0.0.1 - JRE 1.7.0_01 - Windows 7 6.1 x86 - Fuad


01:22:08 [CONFIG] (synphony.Synphony:<clinit>) --- Tue Feb 07 01:22:08 BRST 2012 - Synphony 0.0.1 - JRE 1.7.0_01 - Windows 7 6.1 x86 - Fuad


01:23:26 [CONFIG] (synphony.Synphony:<clinit>) --- Tue Feb 07 01:23:26 BRST 2012 - Synphony 0.0.1 - JRE 1.7.0_01 - Windows 7 6.1 x86 - Fuad


00:52:53 [CONFIG] (synphony.Synphony:<clinit>) --- Wed Feb 08 00:52:53 BRST 2012 - Synphony 0.0.1 - JRE 1.7.0_01 - Windows 7 6.1 x86 - Fuad


00:54:08 [CONFIG] (synphony.Synphony:<clinit>) --- Wed Feb 08 00:54:08 BRST 2012 - Synphony 0.0.1 - JRE 1.7.0_01 - Windows 7 6.1 x86 - Fuad


00:54:14 [CONFIG] (synphony.Synphony:<clinit>) --- Wed Feb 08 00:54:14 BRST 2012 - Synphony 0.0.1 - JRE 1.7.0_01 - Windows 7 6.1 x86 - Fuad


00:55:56 [CONFIG] (synphony.Synphony:<clinit>) --- Wed Feb 08 00:55:56 BRST 2012 - Synphony 0.0.1 - JRE 1.7.0_01 - Windows 7 6.1 x86 - Fuad
00:55:58 [INFO] (synphony.file.Synchronizer:sync) Syncing... (FROM: D:\zsynctarget TO: D:\zsyncsource)
00:55:58 [INFO] (synphony.file.CopyFileVisitor:<init>) Source dir: D:\zsynctarget Target dir: D:\zsyncsource Size: 8192
00:55:58 [INFO] (synphony.file.CopyFileVisitor:visitFile) Entry skipped: dabr\.htaccess
00:55:58 [INFO] (synphony.file.CopyFileVisitor:visitFile) Entry skipped: dabr\.project
00:55:58 [INFO] (synphony.file.CopyFileVisitor:visitFile) Entry skipped: dabr\about.html
00:55:58 [INFO] (synphony.file.CopyFileVisitor:visitFile) Entry skipped: dabr\browsers\bigtouch.css
00:55:58 [INFO] (synphony.file.CopyFileVisitor:visitFile) Entry skipped: dabr\browsers\bigtouch.php
00:55:58 [INFO] (synphony.file.CopyFileVisitor:visitFile) Entry skipped: dabr\browsers\blackberry.php
00:55:58 [INFO] (synphony.file.CopyFileVisitor:visitFile) Entry skipped: dabr\browsers\desktop.php
00:55:58 [INFO] (synphony.file.CopyFileVisitor:visitFile) Entry skipped: dabr\browsers\list.csv
00:55:58 [INFO] (synphony.file.CopyFileVisitor:visitFile) Entry skipped: dabr\browsers\text.php
00:55:58 [INFO] (synphony.file.CopyFileVisitor:visitFile) Entry skipped: dabr\browsers\touch.css
00:55:58 [INFO] (synphony.file.CopyFileVisitor:visitFile) Entry skipped: dabr\browsers\touch.js
00:55:58 [INFO] (synphony.file.CopyFileVisitor:visitFile) Entry skipped: dabr\browsers\touch.php
00:55:58 [INFO] (synphony.file.CopyFileVisitor:visitFile) Entry skipped: dabr\browsers\worksafe.php
00:55:58 [INFO] (synphony.file.CopyFileVisitor:visitFile) Entry skipped: dabr\common\advert.php
00:55:58 [INFO] (synphony.file.CopyFileVisitor:visitFile) Entry skipped: dabr\common\Autolink.php
00:55:58 [INFO] (synphony.file.CopyFileVisitor:visitFile) Entry skipped: dabr\common\browser.php
00:55:58 [INFO] (synphony.file.CopyFileVisitor:visitFile) Entry skipped: dabr\common\Embedly.php
00:55:58 [INFO] (synphony.file.CopyFileVisitor:visitFile) Entry skipped: dabr\common\Extractor.php
00:55:58 [INFO] (synphony.file.CopyFileVisitor:visitFile) Entry skipped: dabr\common\HitHighlighter.php
00:55:58 [INFO] (synphony.file.CopyFileVisitor:visitFile) Entry skipped: dabr\common\lists.php
00:55:58 [INFO] (synphony.file.CopyFileVisitor:visitFile) Entry skipped: dabr\common\menu.php
00:55:58 [INFO] (synphony.file.CopyFileVisitor:visitFile) Entry skipped: dabr\common\OAuth.php
00:55:58 [INFO] (synphony.file.CopyFileVisitor:visitFile) Entry skipped: dabr\common\Regex.php
00:55:58 [INFO] (synphony.file.CopyFileVisitor:visitFile) Entry skipped: dabr\common\settings.php
00:55:58 [INFO] (synphony.file.CopyFileVisitor:visitFile) Entry skipped: dabr\common\theme.php
00:55:58 [INFO] (synphony.file.CopyFileVisitor:visitFile) Entry skipped: dabr\common\twitter.php
00:55:58 [INFO] (synphony.file.CopyFileVisitor:visitFile) Entry skipped: dabr\common\user.php
00:55:58 [INFO] (synphony.file.CopyFileVisitor:visitFile) Entry skipped: dabr\config.sample.php
00:55:58 [INFO] (synphony.file.CopyFileVisitor:visitFile) Entry skipped: dabr\images\dabr.png
00:55:58 [INFO] (synphony.file.CopyFileVisitor:visitFile) Entry skipped: dabr\images\dm.png
00:55:58 [INFO] (synphony.file.CopyFileVisitor:visitFile) Entry skipped: dabr\images\dmL.png
00:55:58 [INFO] (synphony.file.CopyFileVisitor:visitFile) Entry skipped: dabr\images\map.png
00:55:58 [INFO] (synphony.file.CopyFileVisitor:visitFile) Entry skipped: dabr\images\mapL.png
00:55:58 [INFO] (synphony.file.CopyFileVisitor:visitFile) Entry skipped: dabr\images\q.png
00:55:58 [INFO] (synphony.file.CopyFileVisitor:visitFile) Entry skipped: dabr\images\qL.png
00:55:58 [INFO] (synphony.file.CopyFileVisitor:visitFile) Entry skipped: dabr\images\reply.png
00:55:58 [INFO] (synphony.file.CopyFileVisitor:visitFile) Entry skipped: dabr\images\replyall.png
00:55:58 [INFO] (synphony.file.CopyFileVisitor:visitFile) Entry skipped: dabr\images\replyallL.png
00:55:58 [INFO] (synphony.file.CopyFileVisitor:visitFile) Entry skipped: dabr\images\replyL.png
00:55:58 [INFO] (synphony.file.CopyFileVisitor:visitFile) Entry skipped: dabr\images\retweet.png
00:55:58 [INFO] (synphony.file.CopyFileVisitor:visitFile) Entry skipped: dabr\images\retweeted.png
00:55:58 [INFO] (synphony.file.CopyFileVisitor:visitFile) Entry skipped: dabr\images\retweetedL.png
00:55:58 [INFO] (synphony.file.CopyFileVisitor:visitFile) Entry skipped: dabr\images\retweetL.png
00:55:58 [INFO] (synphony.file.CopyFileVisitor:visitFile) Entry skipped: dabr\images\star.png
00:55:58 [INFO] (synphony.file.CopyFileVisitor:visitFile) Entry skipped: dabr\images\starL.png
00:55:58 [INFO] (synphony.file.CopyFileVisitor:visitFile) Entry skipped: dabr\images\star_grey.png
00:55:58 [INFO] (synphony.file.CopyFileVisitor:visitFile) Entry skipped: dabr\images\star_greyL.png
00:55:58 [INFO] (synphony.file.CopyFileVisitor:visitFile) Entry skipped: dabr\images\trash.gif
00:55:58 [INFO] (synphony.file.CopyFileVisitor:visitFile) Entry skipped: dabr\images\trashL.png
00:55:58 [INFO] (synphony.file.CopyFileVisitor:visitFile) Entry skipped: dabr\images\twitter_button_2_lo.gif
00:55:58 [INFO] (synphony.file.CopyFileVisitor:visitFile) Entry skipped: dabr\index.php
00:55:58 [INFO] (synphony.file.CopyFileVisitor:visitFile) Entry skipped: dabr-r430.zip
00:55:58 [INFO] (synphony.file.CopyFileVisitor:visitFile) Entry skipped: lzma920.7z
00:55:58 [INFO] (synphony.file.CopyFileVisitor:visitFile) Entry skipped: npp.5.9.src.7z
00:55:58 [INFO] (synphony.file.CopyFileVisitor:visitFile) Entry skipped: winter.m4a
00:55:58 [INFO] (synphony.file.Synchronizer:sync) Sync finished (172 milliseconds)
00:56:10 [INFO] (synphony.file.Synchronizer:sync) Syncing... (FROM: D:\zsynctarget TO: D:\zsyncsource)
00:56:10 [INFO] (synphony.file.CopyFileVisitor:<init>) Source dir: D:\zsynctarget Target dir: D:\zsyncsource Size: 8192
00:56:10 [INFO] (synphony.file.Synchronizer:sync) Sync finished (10 milliseconds)
00:56:25 [INFO] (synphony.file.Synchronizer:sync) Syncing... (FROM: D:\zsynctarget TO: D:\zsyncsource)
00:56:25 [INFO] (synphony.file.CopyFileVisitor:<init>) Source dir: D:\zsynctarget Target dir: D:\zsyncsource Size: 8192
00:56:25 [INFO] (synphony.file.Synchronizer:sync) Sync finished (0 milliseconds)


00:56:48 [CONFIG] (synphony.Synphony:<clinit>) --- Wed Feb 08 00:56:48 BRST 2012 - Synphony 0.0.1 - JRE 1.7.0_01 - Windows 7 6.1 x86 - Fuad
00:56:50 [INFO] (synphony.file.Synchronizer:sync) Syncing... (FROM: D:\zsynctarget TO: D:\zsyncsource)
00:56:50 [INFO] (synphony.file.CopyFileVisitor:<init>) Source dir: D:\zsynctarget Target dir: D:\zsyncsource Size: 8192
00:56:50 [INFO] (synphony.file.Synchronizer:sync) Sync finished (10 milliseconds)
00:57:19 [INFO] (synphony.file.Synchronizer:sync) Syncing... (FROM: D:\zsyncsource TO: D:\zsynctarget)
00:57:19 [INFO] (synphony.file.CopyFileVisitor:<init>) Source dir: D:\zsyncsource Target dir: D:\zsynctarget Size: 4096
00:57:19 [INFO] (synphony.file.CopyFileVisitor:visitFile) Copying entry: dabr\.htaccess
00:57:19 [INFO] (synphony.file.CopyFileVisitor:visitFile) Copying entry: dabr\.project
00:57:19 [INFO] (synphony.file.CopyFileVisitor:visitFile) Copying entry: dabr\about.html
00:57:19 [INFO] (synphony.file.CopyFileVisitor:visitFile) Copying entry: dabr\browsers\bigtouch.css
00:57:19 [INFO] (synphony.file.CopyFileVisitor:visitFile) Copying entry: dabr\browsers\bigtouch.php
00:57:19 [INFO] (synphony.file.CopyFileVisitor:visitFile) Copying entry: dabr\browsers\blackberry.php
00:57:19 [INFO] (synphony.file.CopyFileVisitor:visitFile) Copying entry: dabr\browsers\desktop.php
00:57:19 [INFO] (synphony.file.CopyFileVisitor:visitFile) Copying entry: dabr\browsers\list.csv
00:57:19 [INFO] (synphony.file.CopyFileVisitor:visitFile) Copying entry: dabr\browsers\text.php
00:57:19 [INFO] (synphony.file.CopyFileVisitor:visitFile) Copying entry: dabr\browsers\touch.css
00:57:19 [INFO] (synphony.file.CopyFileVisitor:visitFile) Copying entry: dabr\browsers\touch.js
00:57:19 [INFO] (synphony.file.CopyFileVisitor:visitFile) Copying entry: dabr\browsers\touch.php
00:57:19 [INFO] (synphony.file.CopyFileVisitor:visitFile) Copying entry: dabr\browsers\worksafe.php
00:57:19 [INFO] (synphony.file.CopyFileVisitor:visitFile) Copying entry: dabr\common\advert.php
00:57:19 [INFO] (synphony.file.CopyFileVisitor:visitFile) Copying entry: dabr\common\Autolink.php
00:57:19 [INFO] (synphony.file.CopyFileVisitor:visitFile) Copying entry: dabr\common\browser.php
00:57:19 [INFO] (synphony.file.CopyFileVisitor:visitFile) Copying entry: dabr\common\Embedly.php
00:57:19 [INFO] (synphony.file.CopyFileVisitor:visitFile) Copying entry: dabr\common\Extractor.php
00:57:19 [INFO] (synphony.file.CopyFileVisitor:visitFile) Copying entry: dabr\common\HitHighlighter.php
00:57:19 [INFO] (synphony.file.CopyFileVisitor:visitFile) Copying entry: dabr\common\lists.php
00:57:19 [INFO] (synphony.file.CopyFileVisitor:visitFile) Copying entry: dabr\common\menu.php
00:57:19 [INFO] (synphony.file.CopyFileVisitor:visitFile) Copying entry: dabr\common\OAuth.php
00:57:19 [INFO] (synphony.file.CopyFileVisitor:visitFile) Copying entry: dabr\common\Regex.php
00:57:19 [INFO] (synphony.file.CopyFileVisitor:visitFile) Copying entry: dabr\common\settings.php
00:57:19 [INFO] (synphony.file.CopyFileVisitor:visitFile) Copying entry: dabr\common\theme.php
00:57:19 [INFO] (synphony.file.CopyFileVisitor:visitFile) Copying entry: dabr\common\twitter.php
00:57:19 [INFO] (synphony.file.CopyFileVisitor:visitFile) Copying entry: dabr\common\user.php
00:57:19 [INFO] (synphony.file.CopyFileVisitor:visitFile) Copying entry: dabr\config.sample.php
00:57:19 [INFO] (synphony.file.CopyFileVisitor:visitFile) Copying entry: dabr\images\dabr.png
00:57:19 [INFO] (synphony.file.CopyFileVisitor:visitFile) Copying entry: dabr\images\dm.png
00:57:19 [INFO] (synphony.file.CopyFileVisitor:visitFile) Copying entry: dabr\images\dmL.png
00:57:19 [INFO] (synphony.file.CopyFileVisitor:visitFile) Copying entry: dabr\images\map.png
00:57:19 [INFO] (synphony.file.CopyFileVisitor:visitFile) Copying entry: dabr\images\mapL.png
00:57:19 [INFO] (synphony.file.CopyFileVisitor:visitFile) Copying entry: dabr\images\q.png
00:57:19 [INFO] (synphony.file.CopyFileVisitor:visitFile) Copying entry: dabr\images\qL.png
00:57:19 [INFO] (synphony.file.CopyFileVisitor:visitFile) Copying entry: dabr\images\reply.png
00:57:19 [INFO] (synphony.file.CopyFileVisitor:visitFile) Copying entry: dabr\images\replyall.png
00:57:19 [INFO] (synphony.file.CopyFileVisitor:visitFile) Copying entry: dabr\images\replyallL.png
00:57:19 [INFO] (synphony.file.CopyFileVisitor:visitFile) Copying entry: dabr\images\replyL.png
00:57:19 [INFO] (synphony.file.CopyFileVisitor:visitFile) Copying entry: dabr\images\retweet.png
00:57:19 [INFO] (synphony.file.CopyFileVisitor:visitFile) Copying entry: dabr\images\retweeted.png
00:57:19 [INFO] (synphony.file.CopyFileVisitor:visitFile) Copying entry: dabr\images\retweetedL.png
00:57:19 [INFO] (synphony.file.CopyFileVisitor:visitFile) Copying entry: dabr\images\retweetL.png
00:57:19 [INFO] (synphony.file.CopyFileVisitor:visitFile) Copying entry: dabr\images\star.png
00:57:19 [INFO] (synphony.file.CopyFileVisitor:visitFile) Copying entry: dabr\images\starL.png
00:57:19 [INFO] (synphony.file.CopyFileVisitor:visitFile) Copying entry: dabr\images\star_grey.png
00:57:19 [INFO] (synphony.file.CopyFileVisitor:visitFile) Copying entry: dabr\images\star_greyL.png
00:57:19 [INFO] (synphony.file.CopyFileVisitor:visitFile) Copying entry: dabr\images\trash.gif
00:57:19 [INFO] (synphony.file.CopyFileVisitor:visitFile) Copying entry: dabr\images\trashL.png
00:57:19 [INFO] (synphony.file.CopyFileVisitor:visitFile) Copying entry: dabr\images\twitter_button_2_lo.gif
00:57:19 [INFO] (synphony.file.CopyFileVisitor:visitFile) Copying entry: dabr\index.php
00:57:19 [INFO] (synphony.file.CopyFileVisitor:visitFile) Copying entry: dabr-r430.zip
00:57:19 [INFO] (synphony.file.CopyFileVisitor:visitFile) Copying entry: lzma920.7z
00:57:19 [INFO] (synphony.file.CopyFileVisitor:visitFile) Copying entry: npp.5.9.src.7z
00:57:19 [INFO] (synphony.file.CopyFileVisitor:visitFile) Copying entry: winter.m4a
00:57:19 [INFO] (synphony.file.Synchronizer:sync) Sync finished (484 milliseconds)


00:57:59 [CONFIG] (synphony.Synphony:<clinit>) --- Wed Feb 08 00:57:59 BRST 2012 - Synphony 0.0.1 - JRE 1.7.0_01 - Windows 7 6.1 x86 - Fuad
