00:22:24 [INF] (Synphony.<clinit>:83) ------------- Tue Feb 07 00:22:24 BRST 2012 - Synphony 0.0.1 - JRE 1.7.0_01 - Windows 7 6.1 x86 - Fuad
00:22:28 [INF] (Synchronizer.sync:58) Syncing... (FROM: D:\zsyncsource TO: D:\zsynctarget)
00:22:28 [INF] (CopyFileVisitor.<init>:39) Source dir: D:\zsyncsource Target dir: D:\zsynctarget
00:22:28 [DBG] (CopyFileVisitor.preVisitDirectory:50) Incoming dir: 
00:22:28 [DBG] (CopyFileVisitor.preVisitDirectory:50) Incoming dir: dabr
00:22:28 [INF] (CopyFileVisitor.visitFile:67) Copying entry: dabr\.htaccess
00:22:28 [INF] (CopyFileVisitor.visitFile:67) Copying entry: dabr\.project
00:22:28 [INF] (CopyFileVisitor.visitFile:67) Copying entry: dabr\about.html
00:22:28 [DBG] (CopyFileVisitor.preVisitDirectory:50) Incoming dir: dabr\browsers
00:22:28 [INF] (CopyFileVisitor.visitFile:67) Copying entry: dabr\browsers\bigtouch.css
00:22:28 [INF] (CopyFileVisitor.visitFile:67) Copying entry: dabr\browsers\bigtouch.php
00:22:28 [INF] (CopyFileVisitor.visitFile:67) Copying entry: dabr\browsers\blackberry.php
00:22:28 [INF] (CopyFileVisitor.visitFile:67) Copying entry: dabr\browsers\desktop.php
00:22:28 [INF] (CopyFileVisitor.visitFile:67) Copying entry: dabr\browsers\list.csv
00:22:28 [INF] (CopyFileVisitor.visitFile:67) Copying entry: dabr\browsers\text.php
00:22:28 [INF] (CopyFileVisitor.visitFile:67) Copying entry: dabr\browsers\touch.css
00:22:28 [INF] (CopyFileVisitor.visitFile:67) Copying entry: dabr\browsers\touch.js
00:22:28 [INF] (CopyFileVisitor.visitFile:67) Copying entry: dabr\browsers\touch.php
00:22:28 [INF] (CopyFileVisitor.visitFile:67) Copying entry: dabr\browsers\worksafe.php
00:22:28 [DBG] (CopyFileVisitor.preVisitDirectory:50) Incoming dir: dabr\common
00:22:28 [INF] (CopyFileVisitor.visitFile:67) Copying entry: dabr\common\advert.php
00:22:28 [INF] (CopyFileVisitor.visitFile:67) Copying entry: dabr\common\Autolink.php
00:22:28 [INF] (CopyFileVisitor.visitFile:67) Copying entry: dabr\common\browser.php
00:22:28 [INF] (CopyFileVisitor.visitFile:67) Copying entry: dabr\common\Embedly.php
00:22:28 [INF] (CopyFileVisitor.visitFile:67) Copying entry: dabr\common\Extractor.php
00:22:28 [INF] (CopyFileVisitor.visitFile:67) Copying entry: dabr\common\HitHighlighter.php
00:22:28 [INF] (CopyFileVisitor.visitFile:67) Copying entry: dabr\common\lists.php
00:22:28 [INF] (CopyFileVisitor.visitFile:67) Copying entry: dabr\common\menu.php
00:22:28 [INF] (CopyFileVisitor.visitFile:67) Copying entry: dabr\common\OAuth.php
00:22:28 [INF] (CopyFileVisitor.visitFile:67) Copying entry: dabr\common\Regex.php
00:22:28 [INF] (CopyFileVisitor.visitFile:67) Copying entry: dabr\common\settings.php
00:22:28 [INF] (CopyFileVisitor.visitFile:67) Copying entry: dabr\common\theme.php
00:22:28 [INF] (CopyFileVisitor.visitFile:67) Copying entry: dabr\common\twitter.php
00:22:28 [INF] (CopyFileVisitor.visitFile:67) Copying entry: dabr\common\user.php
00:22:28 [INF] (CopyFileVisitor.visitFile:67) Copying entry: dabr\config.sample.php
00:22:28 [DBG] (CopyFileVisitor.preVisitDirectory:50) Incoming dir: dabr\images
00:22:28 [INF] (CopyFileVisitor.visitFile:67) Copying entry: dabr\images\dabr.png
00:22:28 [INF] (CopyFileVisitor.visitFile:67) Copying entry: dabr\images\dm.png
00:22:28 [INF] (CopyFileVisitor.visitFile:67) Copying entry: dabr\images\dmL.png
00:22:28 [INF] (CopyFileVisitor.visitFile:67) Copying entry: dabr\images\map.png
00:22:28 [INF] (CopyFileVisitor.visitFile:67) Copying entry: dabr\images\mapL.png
00:22:28 [INF] (CopyFileVisitor.visitFile:67) Copying entry: dabr\images\q.png
00:22:28 [INF] (CopyFileVisitor.visitFile:67) Copying entry: dabr\images\qL.png
00:22:28 [INF] (CopyFileVisitor.visitFile:67) Copying entry: dabr\images\reply.png
00:22:28 [INF] (CopyFileVisitor.visitFile:67) Copying entry: dabr\images\replyall.png
00:22:28 [INF] (CopyFileVisitor.visitFile:67) Copying entry: dabr\images\replyallL.png
00:22:28 [INF] (CopyFileVisitor.visitFile:67) Copying entry: dabr\images\replyL.png
00:22:28 [INF] (CopyFileVisitor.visitFile:67) Copying entry: dabr\images\retweet.png
00:22:28 [INF] (CopyFileVisitor.visitFile:67) Copying entry: dabr\images\retweeted.png
00:22:28 [INF] (CopyFileVisitor.visitFile:67) Copying entry: dabr\images\retweetedL.png
00:22:28 [INF] (CopyFileVisitor.visitFile:67) Copying entry: dabr\images\retweetL.png
00:22:28 [INF] (CopyFileVisitor.visitFile:67) Copying entry: dabr\images\star.png
00:22:28 [INF] (CopyFileVisitor.visitFile:67) Copying entry: dabr\images\starL.png
00:22:28 [INF] (CopyFileVisitor.visitFile:67) Copying entry: dabr\images\star_grey.png
00:22:28 [INF] (CopyFileVisitor.visitFile:67) Copying entry: dabr\images\star_greyL.png
00:22:28 [INF] (CopyFileVisitor.visitFile:67) Copying entry: dabr\images\trash.gif
00:22:28 [INF] (CopyFileVisitor.visitFile:67) Copying entry: dabr\images\trashL.png
00:22:28 [INF] (CopyFileVisitor.visitFile:67) Copying entry: dabr\images\twitter_button_2_lo.gif
00:22:28 [INF] (CopyFileVisitor.visitFile:67) Copying entry: dabr\index.php
00:22:28 [INF] (CopyFileVisitor.visitFile:67) Copying entry: dabr-r430.zip
00:22:28 [INF] (CopyFileVisitor.visitFile:67) Copying entry: lzma920.7z
00:22:28 [INF] (CopyFileVisitor.visitFile:67) Copying entry: npp.5.9.src.7z
00:22:28 [INF] (CopyFileVisitor.visitFile:67) Copying entry: winter.m4a
00:22:28 [INF] (Synchronizer.sync:64) Sync finished (315 milliseconds)
00:39:43 [INF] (Synphony.<clinit>:83) ------------- Tue Feb 07 00:39:43 BRST 2012 - Synphony 0.0.1 - JRE 1.7.0_01 - Windows 7 6.1 x86 - Fuad
00:40:13 [INF] (Synphony.<clinit>:83) --- Tue Feb 07 00:40:13 BRST 2012 - Synphony 0.0.1 - JRE 1.7.0_01 - Windows 7 6.1 x86 - Fuad
00:40:18 [INF] (Synchronizer.sync:58) Syncing... (FROM: D:\zsyncsource TO: D:\zsynctarget)
00:40:18 [INF] (CopyFileVisitor.<init>:39) Source dir: D:\zsyncsource Target dir: D:\zsynctarget
00:40:18 [DBG] (CopyFileVisitor.preVisitDirectory:47) Incoming dir: 
00:40:18 [DBG] (CopyFileVisitor.preVisitDirectory:47) Incoming dir: dabr
00:40:18 [INF] (CopyFileVisitor.visitFile:64) Copying entry: dabr\.htaccess
00:40:18 [INF] (CopyFileVisitor.visitFile:64) Copying entry: dabr\.project
00:40:18 [INF] (CopyFileVisitor.visitFile:64) Copying entry: dabr\about.html
00:40:18 [DBG] (CopyFileVisitor.preVisitDirectory:47) Incoming dir: dabr\browsers
00:40:18 [INF] (CopyFileVisitor.visitFile:64) Copying entry: dabr\browsers\bigtouch.css
00:40:18 [INF] (CopyFileVisitor.visitFile:64) Copying entry: dabr\browsers\bigtouch.php
00:40:18 [INF] (CopyFileVisitor.visitFile:64) Copying entry: dabr\browsers\blackberry.php
00:40:18 [INF] (CopyFileVisitor.visitFile:64) Copying entry: dabr\browsers\desktop.php
00:40:18 [INF] (CopyFileVisitor.visitFile:64) Copying entry: dabr\browsers\list.csv
00:40:18 [INF] (CopyFileVisitor.visitFile:64) Copying entry: dabr\browsers\text.php
00:40:18 [INF] (CopyFileVisitor.visitFile:64) Copying entry: dabr\browsers\touch.css
00:40:18 [INF] (CopyFileVisitor.visitFile:64) Copying entry: dabr\browsers\touch.js
00:40:18 [INF] (CopyFileVisitor.visitFile:64) Copying entry: dabr\browsers\touch.php
00:40:18 [INF] (CopyFileVisitor.visitFile:64) Copying entry: dabr\browsers\worksafe.php
00:40:18 [DBG] (CopyFileVisitor.preVisitDirectory:47) Incoming dir: dabr\common
00:40:18 [INF] (CopyFileVisitor.visitFile:64) Copying entry: dabr\common\advert.php
00:40:18 [INF] (CopyFileVisitor.visitFile:64) Copying entry: dabr\common\Autolink.php
00:40:18 [INF] (CopyFileVisitor.visitFile:64) Copying entry: dabr\common\browser.php
00:40:18 [INF] (CopyFileVisitor.visitFile:64) Copying entry: dabr\common\Embedly.php
00:40:18 [INF] (CopyFileVisitor.visitFile:64) Copying entry: dabr\common\Extractor.php
00:40:18 [INF] (CopyFileVisitor.visitFile:64) Copying entry: dabr\common\HitHighlighter.php
00:40:18 [INF] (CopyFileVisitor.visitFile:64) Copying entry: dabr\common\lists.php
00:40:18 [INF] (CopyFileVisitor.visitFile:64) Copying entry: dabr\common\menu.php
00:40:18 [INF] (CopyFileVisitor.visitFile:64) Copying entry: dabr\common\OAuth.php
00:40:18 [INF] (CopyFileVisitor.visitFile:64) Copying entry: dabr\common\Regex.php
00:40:18 [INF] (CopyFileVisitor.visitFile:64) Copying entry: dabr\common\settings.php
00:40:18 [INF] (CopyFileVisitor.visitFile:64) Copying entry: dabr\common\theme.php
00:40:18 [INF] (CopyFileVisitor.visitFile:64) Copying entry: dabr\common\twitter.php
00:40:18 [INF] (CopyFileVisitor.visitFile:64) Copying entry: dabr\common\user.php
00:40:18 [INF] (CopyFileVisitor.visitFile:64) Copying entry: dabr\config.sample.php
00:40:18 [DBG] (CopyFileVisitor.preVisitDirectory:47) Incoming dir: dabr\images
00:40:18 [INF] (CopyFileVisitor.visitFile:64) Copying entry: dabr\images\dabr.png
00:40:18 [INF] (CopyFileVisitor.visitFile:64) Copying entry: dabr\images\dm.png
00:40:18 [INF] (CopyFileVisitor.visitFile:64) Copying entry: dabr\images\dmL.png
00:40:18 [INF] (CopyFileVisitor.visitFile:64) Copying entry: dabr\images\map.png
00:40:18 [INF] (CopyFileVisitor.visitFile:64) Copying entry: dabr\images\mapL.png
00:40:18 [INF] (CopyFileVisitor.visitFile:64) Copying entry: dabr\images\q.png
00:40:18 [INF] (CopyFileVisitor.visitFile:64) Copying entry: dabr\images\qL.png
00:40:18 [INF] (CopyFileVisitor.visitFile:64) Copying entry: dabr\images\reply.png
00:40:18 [INF] (CopyFileVisitor.visitFile:64) Copying entry: dabr\images\replyall.png
00:40:18 [INF] (CopyFileVisitor.visitFile:64) Copying entry: dabr\images\replyallL.png
00:40:18 [INF] (CopyFileVisitor.visitFile:64) Copying entry: dabr\images\replyL.png
00:40:18 [INF] (CopyFileVisitor.visitFile:64) Copying entry: dabr\images\retweet.png
00:40:18 [INF] (CopyFileVisitor.visitFile:64) Copying entry: dabr\images\retweeted.png
00:40:18 [INF] (CopyFileVisitor.visitFile:64) Copying entry: dabr\images\retweetedL.png
00:40:18 [INF] (CopyFileVisitor.visitFile:64) Copying entry: dabr\images\retweetL.png
00:40:18 [INF] (CopyFileVisitor.visitFile:64) Copying entry: dabr\images\star.png
00:40:18 [INF] (CopyFileVisitor.visitFile:64) Copying entry: dabr\images\starL.png
00:40:18 [INF] (CopyFileVisitor.visitFile:64) Copying entry: dabr\images\star_grey.png
00:40:18 [INF] (CopyFileVisitor.visitFile:64) Copying entry: dabr\images\star_greyL.png
00:40:18 [INF] (CopyFileVisitor.visitFile:64) Copying entry: dabr\images\trash.gif
00:40:18 [INF] (CopyFileVisitor.visitFile:64) Copying entry: dabr\images\trashL.png
00:40:18 [INF] (CopyFileVisitor.visitFile:64) Copying entry: dabr\images\twitter_button_2_lo.gif
00:40:18 [INF] (CopyFileVisitor.visitFile:64) Copying entry: dabr\index.php
00:40:18 [INF] (CopyFileVisitor.visitFile:64) Copying entry: dabr-r430.zip
00:40:18 [INF] (CopyFileVisitor.visitFile:64) Copying entry: lzma920.7z
00:40:18 [INF] (CopyFileVisitor.visitFile:64) Copying entry: npp.5.9.src.7z
00:40:18 [INF] (CopyFileVisitor.visitFile:64) Copying entry: winter.m4a
00:40:18 [INF] (Synchronizer.sync:64) Sync finished (282 milliseconds)
00:42:12 [INF] (Synphony.<clinit>:83) --- Tue Feb 07 00:42:12 BRST 2012 - Synphony 0.0.1 - JRE 1.7.0_01 - Windows 7 6.1 x86 - Fuad
00:42:15 [INF] (Synchronizer.sync:58) Syncing... (FROM: D:\zsyncsource TO: D:\zsynctarget)
00:42:15 [INF] (CopyFileVisitor.<init>:41) Source dir: D:\zsyncsource Target dir: D:\zsynctarget
00:42:15 [DBG] (CopyFileVisitor.preVisitDirectory:49) Incoming dir: 
00:42:15 [DBG] (CopyFileVisitor.preVisitDirectory:49) Incoming dir: dabr
00:42:15 [INF] (CopyFileVisitor.visitFile:72) Entry skipped: dabr\.htaccess
00:42:15 [INF] (CopyFileVisitor.visitFile:72) Entry skipped: dabr\.project
00:42:15 [INF] (CopyFileVisitor.visitFile:72) Entry skipped: dabr\about.html
00:42:15 [DBG] (CopyFileVisitor.preVisitDirectory:49) Incoming dir: dabr\browsers
00:42:15 [INF] (CopyFileVisitor.visitFile:72) Entry skipped: dabr\browsers\bigtouch.css
00:42:15 [INF] (CopyFileVisitor.visitFile:72) Entry skipped: dabr\browsers\bigtouch.php
00:42:15 [INF] (CopyFileVisitor.visitFile:72) Entry skipped: dabr\browsers\blackberry.php
00:42:15 [INF] (CopyFileVisitor.visitFile:72) Entry skipped: dabr\browsers\desktop.php
00:42:15 [INF] (CopyFileVisitor.visitFile:72) Entry skipped: dabr\browsers\list.csv
00:42:15 [INF] (CopyFileVisitor.visitFile:72) Entry skipped: dabr\browsers\text.php
00:42:15 [INF] (CopyFileVisitor.visitFile:72) Entry skipped: dabr\browsers\touch.css
00:42:15 [INF] (CopyFileVisitor.visitFile:72) Entry skipped: dabr\browsers\touch.js
00:42:15 [INF] (CopyFileVisitor.visitFile:72) Entry skipped: dabr\browsers\touch.php
00:42:15 [INF] (CopyFileVisitor.visitFile:72) Entry skipped: dabr\browsers\worksafe.php
00:42:15 [DBG] (CopyFileVisitor.preVisitDirectory:49) Incoming dir: dabr\common
00:42:15 [INF] (CopyFileVisitor.visitFile:72) Entry skipped: dabr\common\advert.php
00:42:15 [INF] (CopyFileVisitor.visitFile:72) Entry skipped: dabr\common\Autolink.php
00:42:15 [INF] (CopyFileVisitor.visitFile:72) Entry skipped: dabr\common\browser.php
00:42:15 [INF] (CopyFileVisitor.visitFile:72) Entry skipped: dabr\common\Embedly.php
00:42:15 [INF] (CopyFileVisitor.visitFile:72) Entry skipped: dabr\common\Extractor.php
00:42:15 [INF] (CopyFileVisitor.visitFile:72) Entry skipped: dabr\common\HitHighlighter.php
00:42:15 [INF] (CopyFileVisitor.visitFile:72) Entry skipped: dabr\common\lists.php
00:42:15 [INF] (CopyFileVisitor.visitFile:72) Entry skipped: dabr\common\menu.php
00:42:15 [INF] (CopyFileVisitor.visitFile:72) Entry skipped: dabr\common\OAuth.php
00:42:15 [INF] (CopyFileVisitor.visitFile:72) Entry skipped: dabr\common\Regex.php
00:42:15 [INF] (CopyFileVisitor.visitFile:72) Entry skipped: dabr\common\settings.php
00:42:15 [INF] (CopyFileVisitor.visitFile:72) Entry skipped: dabr\common\theme.php
00:42:15 [INF] (CopyFileVisitor.visitFile:72) Entry skipped: dabr\common\twitter.php
00:42:15 [INF] (CopyFileVisitor.visitFile:72) Entry skipped: dabr\common\user.php
00:42:15 [INF] (CopyFileVisitor.visitFile:72) Entry skipped: dabr\config.sample.php
00:42:15 [DBG] (CopyFileVisitor.preVisitDirectory:49) Incoming dir: dabr\images
00:42:15 [INF] (CopyFileVisitor.visitFile:72) Entry skipped: dabr\images\dabr.png
00:42:15 [INF] (CopyFileVisitor.visitFile:72) Entry skipped: dabr\images\dm.png
00:42:15 [INF] (CopyFileVisitor.visitFile:72) Entry skipped: dabr\images\dmL.png
00:42:15 [INF] (CopyFileVisitor.visitFile:72) Entry skipped: dabr\images\map.png
00:42:15 [INF] (CopyFileVisitor.visitFile:72) Entry skipped: dabr\images\mapL.png
00:42:15 [INF] (CopyFileVisitor.visitFile:72) Entry skipped: dabr\images\q.png
00:42:15 [INF] (CopyFileVisitor.visitFile:72) Entry skipped: dabr\images\qL.png
00:42:15 [INF] (CopyFileVisitor.visitFile:72) Entry skipped: dabr\images\reply.png
00:42:15 [INF] (CopyFileVisitor.visitFile:72) Entry skipped: dabr\images\replyall.png
00:42:15 [INF] (CopyFileVisitor.visitFile:72) Entry skipped: dabr\images\replyallL.png
00:42:15 [INF] (CopyFileVisitor.visitFile:72) Entry skipped: dabr\images\replyL.png
00:42:15 [INF] (CopyFileVisitor.visitFile:72) Entry skipped: dabr\images\retweet.png
00:42:15 [INF] (CopyFileVisitor.visitFile:72) Entry skipped: dabr\images\retweeted.png
00:42:15 [INF] (CopyFileVisitor.visitFile:72) Entry skipped: dabr\images\retweetedL.png
00:42:15 [INF] (CopyFileVisitor.visitFile:72) Entry skipped: dabr\images\retweetL.png
00:42:15 [INF] (CopyFileVisitor.visitFile:72) Entry skipped: dabr\images\star.png
00:42:15 [INF] (CopyFileVisitor.visitFile:72) Entry skipped: dabr\images\starL.png
00:42:15 [INF] (CopyFileVisitor.visitFile:72) Entry skipped: dabr\images\star_grey.png
00:42:15 [INF] (CopyFileVisitor.visitFile:72) Entry skipped: dabr\images\star_greyL.png
00:42:15 [INF] (CopyFileVisitor.visitFile:72) Entry skipped: dabr\images\trash.gif
00:42:15 [INF] (CopyFileVisitor.visitFile:72) Entry skipped: dabr\images\trashL.png
00:42:15 [INF] (CopyFileVisitor.visitFile:72) Entry skipped: dabr\images\twitter_button_2_lo.gif
00:42:15 [INF] (CopyFileVisitor.visitFile:72) Entry skipped: dabr\index.php
00:42:15 [INF] (CopyFileVisitor.visitFile:72) Entry skipped: dabr-r430.zip
00:42:15 [INF] (CopyFileVisitor.visitFile:72) Entry skipped: lzma920.7z
00:42:15 [INF] (CopyFileVisitor.visitFile:72) Entry skipped: npp.5.9.src.7z
00:42:15 [INF] (CopyFileVisitor.visitFile:72) Entry skipped: winter.m4a
00:42:15 [INF] (Synchronizer.sync:64) Sync finished (79 milliseconds)
00:44:34 [INF] (Synphony.<clinit>:83) --- Tue Feb 07 00:44:34 BRST 2012 - Synphony 0.0.1 - JRE 1.7.0_01 - Windows 7 6.1 x86 - Fuad
00:44:53 [INF] (Synphony.<clinit>:83) --- Tue Feb 07 00:44:53 BRST 2012 - Synphony 0.0.1 - JRE 1.7.0_01 - Windows 7 6.1 x86 - Fuad
00:45:19 [INF] (Synphony.<clinit>:83) --- Tue Feb 07 00:45:19 BRST 2012 - Synphony 0.0.1 - JRE 1.7.0_01 - Windows 7 6.1 x86 - Fuad
00:45:30 [INF] (Synphony.<clinit>:83) --- Tue Feb 07 00:45:30 BRST 2012 - Synphony 0.0.1 - JRE 1.7.0_01 - Windows 7 6.1 x86 - Fuad
01:00:37 [INF] (Synphony.<clinit>:83) --- Tue Feb 07 01:00:37 BRST 2012 - Synphony 0.0.1 - JRE 1.7.0_01 - Windows 7 6.1 x86 - Fuad
01:00:52 [INF] (Synphony.<clinit>:83) --- Tue Feb 07 01:00:52 BRST 2012 - Synphony 0.0.1 - JRE 1.7.0_01 - Windows 7 6.1 x86 - Fuad
01:01:28 [INF] (Synphony.<clinit>:83) --- Tue Feb 07 01:01:28 BRST 2012 - Synphony 0.0.1 - JRE 1.7.0_01 - Windows 7 6.1 x86 - Fuad
01:03:08 [INF] (Synphony.<clinit>:83) --- Tue Feb 07 01:03:08 BRST 2012 - Synphony 0.0.1 - JRE 1.7.0_01 - Windows 7 6.1 x86 - Fuad
01:10:03 [INF] (Synphony.<clinit>:83) --- Tue Feb 07 01:10:03 BRST 2012 - Synphony 0.0.1 - JRE 1.7.0_01 - Windows 7 6.1 x86 - Fuad
01:11:19 [INF] (Synphony.<clinit>:83) --- Tue Feb 07 01:11:19 BRST 2012 - Synphony 0.0.1 - JRE 1.7.0_01 - Windows 7 6.1 x86 - Fuad
01:12:24 [INF] (Synphony.<clinit>:83) --- Tue Feb 07 01:12:24 BRST 2012 - Synphony 0.0.1 - JRE 1.7.0_01 - Windows 7 6.1 x86 - Fuad
01:12:42 [INF] (Synphony.<clinit>:83) --- Tue Feb 07 01:12:42 BRST 2012 - Synphony 0.0.1 - JRE 1.7.0_01 - Windows 7 6.1 x86 - Fuad
01:14:17 [INF] (Synphony.<clinit>:83) --- Tue Feb 07 01:14:17 BRST 2012 - Synphony 0.0.1 - JRE 1.7.0_01 - Windows 7 6.1 x86 - Fuad
01:14:39 [INF] (Synphony.<clinit>:83) --- Tue Feb 07 01:14:39 BRST 2012 - Synphony 0.0.1 - JRE 1.7.0_01 - Windows 7 6.1 x86 - Fuad
01:14:47 [INF] (Synphony.<clinit>:83) --- Tue Feb 07 01:14:47 BRST 2012 - Synphony 0.0.1 - JRE 1.7.0_01 - Windows 7 6.1 x86 - Fuad
01:14:58 [INF] (Synphony.<clinit>:83) --- Tue Feb 07 01:14:58 BRST 2012 - Synphony 0.0.1 - JRE 1.7.0_01 - Windows 7 6.1 x86 - Fuad
01:16:56 [INF] (Synphony.<clinit>:85) --- Tue Feb 07 01:16:56 BRST 2012 - Synphony 0.0.1 - JRE 1.7.0_01 - Windows 7 6.1 x86 - Fuad
01:17:23 [INF] (Synphony.<clinit>:85) --- Tue Feb 07 01:17:23 BRST 2012 - Synphony 0.0.1 - JRE 1.7.0_01 - Windows 7 6.1 x86 - Fuad
01:18:35 [INF] (Synphony.<clinit>:85) --- Tue Feb 07 01:18:35 BRST 2012 - Synphony 0.0.1 - JRE 1.7.0_01 - Windows 7 6.1 x86 - Fuad
01:21:08 [INF] (Synphony.<clinit>:85) --- Tue Feb 07 01:21:08 BRST 2012 - Synphony 0.0.1 - JRE 1.7.0_01 - Windows 7 6.1 x86 - Fuad
01:21:12 [INF] (Synphony.<clinit>:85) --- Tue Feb 07 01:21:12 BRST 2012 - Synphony 0.0.1 - JRE 1.7.0_01 - Windows 7 6.1 x86 - Fuad
01:22:08 [INF] (Synphony.<clinit>:85) --- Tue Feb 07 01:22:08 BRST 2012 - Synphony 0.0.1 - JRE 1.7.0_01 - Windows 7 6.1 x86 - Fuad
01:23:26 [INF] (Synphony.<clinit>:85) --- Tue Feb 07 01:23:26 BRST 2012 - Synphony 0.0.1 - JRE 1.7.0_01 - Windows 7 6.1 x86 - Fuad
00:52:53 [INF] (Synphony.<clinit>:85) --- Wed Feb 08 00:52:53 BRST 2012 - Synphony 0.0.1 - JRE 1.7.0_01 - Windows 7 6.1 x86 - Fuad
00:54:08 [INF] (Synphony.<clinit>:85) --- Wed Feb 08 00:54:08 BRST 2012 - Synphony 0.0.1 - JRE 1.7.0_01 - Windows 7 6.1 x86 - Fuad
00:54:14 [INF] (Synphony.<clinit>:85) --- Wed Feb 08 00:54:14 BRST 2012 - Synphony 0.0.1 - JRE 1.7.0_01 - Windows 7 6.1 x86 - Fuad
00:55:56 [INF] (Synphony.<clinit>:85) --- Wed Feb 08 00:55:56 BRST 2012 - Synphony 0.0.1 - JRE 1.7.0_01 - Windows 7 6.1 x86 - Fuad
00:55:58 [INF] (Synchronizer.sync:58) Syncing... (FROM: D:\zsynctarget TO: D:\zsyncsource)
00:55:58 [INF] (CopyFileVisitor.<init>:41) Source dir: D:\zsynctarget Target dir: D:\zsyncsource
00:55:58 [DBG] (CopyFileVisitor.preVisitDirectory:49) Incoming dir: 
00:55:58 [DBG] (CopyFileVisitor.preVisitDirectory:49) Incoming dir: dabr
00:55:58 [INF] (CopyFileVisitor.visitFile:72) Entry skipped: dabr\.htaccess
00:55:58 [INF] (CopyFileVisitor.visitFile:72) Entry skipped: dabr\.project
00:55:58 [INF] (CopyFileVisitor.visitFile:72) Entry skipped: dabr\about.html
00:55:58 [DBG] (CopyFileVisitor.preVisitDirectory:49) Incoming dir: dabr\browsers
00:55:58 [INF] (CopyFileVisitor.visitFile:72) Entry skipped: dabr\browsers\bigtouch.css
00:55:58 [INF] (CopyFileVisitor.visitFile:72) Entry skipped: dabr\browsers\bigtouch.php
00:55:58 [INF] (CopyFileVisitor.visitFile:72) Entry skipped: dabr\browsers\blackberry.php
00:55:58 [INF] (CopyFileVisitor.visitFile:72) Entry skipped: dabr\browsers\desktop.php
00:55:58 [INF] (CopyFileVisitor.visitFile:72) Entry skipped: dabr\browsers\list.csv
00:55:58 [INF] (CopyFileVisitor.visitFile:72) Entry skipped: dabr\browsers\text.php
00:55:58 [INF] (CopyFileVisitor.visitFile:72) Entry skipped: dabr\browsers\touch.css
00:55:58 [INF] (CopyFileVisitor.visitFile:72) Entry skipped: dabr\browsers\touch.js
00:55:58 [INF] (CopyFileVisitor.visitFile:72) Entry skipped: dabr\browsers\touch.php
00:55:58 [INF] (CopyFileVisitor.visitFile:72) Entry skipped: dabr\browsers\worksafe.php
00:55:58 [DBG] (CopyFileVisitor.preVisitDirectory:49) Incoming dir: dabr\common
00:55:58 [INF] (CopyFileVisitor.visitFile:72) Entry skipped: dabr\common\advert.php
00:55:58 [INF] (CopyFileVisitor.visitFile:72) Entry skipped: dabr\common\Autolink.php
00:55:58 [INF] (CopyFileVisitor.visitFile:72) Entry skipped: dabr\common\browser.php
00:55:58 [INF] (CopyFileVisitor.visitFile:72) Entry skipped: dabr\common\Embedly.php
00:55:58 [INF] (CopyFileVisitor.visitFile:72) Entry skipped: dabr\common\Extractor.php
00:55:58 [INF] (CopyFileVisitor.visitFile:72) Entry skipped: dabr\common\HitHighlighter.php
00:55:58 [INF] (CopyFileVisitor.visitFile:72) Entry skipped: dabr\common\lists.php
00:55:58 [INF] (CopyFileVisitor.visitFile:72) Entry skipped: dabr\common\menu.php
00:55:58 [INF] (CopyFileVisitor.visitFile:72) Entry skipped: dabr\common\OAuth.php
00:55:58 [INF] (CopyFileVisitor.visitFile:72) Entry skipped: dabr\common\Regex.php
00:55:58 [INF] (CopyFileVisitor.visitFile:72) Entry skipped: dabr\common\settings.php
00:55:58 [INF] (CopyFileVisitor.visitFile:72) Entry skipped: dabr\common\theme.php
00:55:58 [INF] (CopyFileVisitor.visitFile:72) Entry skipped: dabr\common\twitter.php
00:55:58 [INF] (CopyFileVisitor.visitFile:72) Entry skipped: dabr\common\user.php
00:55:58 [INF] (CopyFileVisitor.visitFile:72) Entry skipped: dabr\config.sample.php
00:55:58 [DBG] (CopyFileVisitor.preVisitDirectory:49) Incoming dir: dabr\images
00:55:58 [INF] (CopyFileVisitor.visitFile:72) Entry skipped: dabr\images\dabr.png
00:55:58 [INF] (CopyFileVisitor.visitFile:72) Entry skipped: dabr\images\dm.png
00:55:58 [INF] (CopyFileVisitor.visitFile:72) Entry skipped: dabr\images\dmL.png
00:55:58 [INF] (CopyFileVisitor.visitFile:72) Entry skipped: dabr\images\map.png
00:55:58 [INF] (CopyFileVisitor.visitFile:72) Entry skipped: dabr\images\mapL.png
00:55:58 [INF] (CopyFileVisitor.visitFile:72) Entry skipped: dabr\images\q.png
00:55:58 [INF] (CopyFileVisitor.visitFile:72) Entry skipped: dabr\images\qL.png
00:55:58 [INF] (CopyFileVisitor.visitFile:72) Entry skipped: dabr\images\reply.png
00:55:58 [INF] (CopyFileVisitor.visitFile:72) Entry skipped: dabr\images\replyall.png
00:55:58 [INF] (CopyFileVisitor.visitFile:72) Entry skipped: dabr\images\replyallL.png
00:55:58 [INF] (CopyFileVisitor.visitFile:72) Entry skipped: dabr\images\replyL.png
00:55:58 [INF] (CopyFileVisitor.visitFile:72) Entry skipped: dabr\images\retweet.png
00:55:58 [INF] (CopyFileVisitor.visitFile:72) Entry skipped: dabr\images\retweeted.png
00:55:58 [INF] (CopyFileVisitor.visitFile:72) Entry skipped: dabr\images\retweetedL.png
00:55:58 [INF] (CopyFileVisitor.visitFile:72) Entry skipped: dabr\images\retweetL.png
00:55:58 [INF] (CopyFileVisitor.visitFile:72) Entry skipped: dabr\images\star.png
00:55:58 [INF] (CopyFileVisitor.visitFile:72) Entry skipped: dabr\images\starL.png
00:55:58 [INF] (CopyFileVisitor.visitFile:72) Entry skipped: dabr\images\star_grey.png
00:55:58 [INF] (CopyFileVisitor.visitFile:72) Entry skipped: dabr\images\star_greyL.png
00:55:58 [INF] (CopyFileVisitor.visitFile:72) Entry skipped: dabr\images\trash.gif
00:55:58 [INF] (CopyFileVisitor.visitFile:72) Entry skipped: dabr\images\trashL.png
00:55:58 [INF] (CopyFileVisitor.visitFile:72) Entry skipped: dabr\images\twitter_button_2_lo.gif
00:55:58 [INF] (CopyFileVisitor.visitFile:72) Entry skipped: dabr\index.php
00:55:58 [INF] (CopyFileVisitor.visitFile:72) Entry skipped: dabr-r430.zip
00:55:58 [INF] (CopyFileVisitor.visitFile:72) Entry skipped: lzma920.7z
00:55:58 [INF] (CopyFileVisitor.visitFile:72) Entry skipped: npp.5.9.src.7z
00:55:58 [INF] (CopyFileVisitor.visitFile:72) Entry skipped: winter.m4a
00:55:58 [INF] (Synchronizer.sync:64) Sync finished (172 milliseconds)
00:56:10 [INF] (Synchronizer.sync:58) Syncing... (FROM: D:\zsynctarget TO: D:\zsyncsource)
00:56:10 [INF] (CopyFileVisitor.<init>:41) Source dir: D:\zsynctarget Target dir: D:\zsyncsource
00:56:10 [DBG] (CopyFileVisitor.preVisitDirectory:49) Incoming dir: 
00:56:10 [INF] (Synchronizer.sync:64) Sync finished (10 milliseconds)
00:56:25 [INF] (Synchronizer.sync:58) Syncing... (FROM: D:\zsynctarget TO: D:\zsyncsource)
00:56:25 [INF] (CopyFileVisitor.<init>:41) Source dir: D:\zsynctarget Target dir: D:\zsyncsource
00:56:25 [DBG] (CopyFileVisitor.preVisitDirectory:49) Incoming dir: 
00:56:25 [INF] (Synchronizer.sync:64) Sync finished (0 milliseconds)
00:56:48 [INF] (Synphony.<clinit>:85) --- Wed Feb 08 00:56:48 BRST 2012 - Synphony 0.0.1 - JRE 1.7.0_01 - Windows 7 6.1 x86 - Fuad
00:56:50 [INF] (Synchronizer.sync:58) Syncing... (FROM: D:\zsynctarget TO: D:\zsyncsource)
00:56:50 [INF] (CopyFileVisitor.<init>:41) Source dir: D:\zsynctarget Target dir: D:\zsyncsource
00:56:50 [DBG] (CopyFileVisitor.preVisitDirectory:49) Incoming dir: 
00:56:50 [INF] (Synchronizer.sync:64) Sync finished (10 milliseconds)
00:57:19 [INF] (Synchronizer.sync:58) Syncing... (FROM: D:\zsyncsource TO: D:\zsynctarget)
00:57:19 [INF] (CopyFileVisitor.<init>:41) Source dir: D:\zsyncsource Target dir: D:\zsynctarget
00:57:19 [DBG] (CopyFileVisitor.preVisitDirectory:49) Incoming dir: 
00:57:19 [DBG] (CopyFileVisitor.preVisitDirectory:49) Incoming dir: dabr
00:57:19 [INF] (CopyFileVisitor.visitFile:66) Copying entry: dabr\.htaccess
00:57:19 [INF] (CopyFileVisitor.visitFile:66) Copying entry: dabr\.project
00:57:19 [INF] (CopyFileVisitor.visitFile:66) Copying entry: dabr\about.html
00:57:19 [DBG] (CopyFileVisitor.preVisitDirectory:49) Incoming dir: dabr\browsers
00:57:19 [INF] (CopyFileVisitor.visitFile:66) Copying entry: dabr\browsers\bigtouch.css
00:57:19 [INF] (CopyFileVisitor.visitFile:66) Copying entry: dabr\browsers\bigtouch.php
00:57:19 [INF] (CopyFileVisitor.visitFile:66) Copying entry: dabr\browsers\blackberry.php
00:57:19 [INF] (CopyFileVisitor.visitFile:66) Copying entry: dabr\browsers\desktop.php
00:57:19 [INF] (CopyFileVisitor.visitFile:66) Copying entry: dabr\browsers\list.csv
00:57:19 [INF] (CopyFileVisitor.visitFile:66) Copying entry: dabr\browsers\text.php
00:57:19 [INF] (CopyFileVisitor.visitFile:66) Copying entry: dabr\browsers\touch.css
00:57:19 [INF] (CopyFileVisitor.visitFile:66) Copying entry: dabr\browsers\touch.js
00:57:19 [INF] (CopyFileVisitor.visitFile:66) Copying entry: dabr\browsers\touch.php
00:57:19 [INF] (CopyFileVisitor.visitFile:66) Copying entry: dabr\browsers\worksafe.php
00:57:19 [DBG] (CopyFileVisitor.preVisitDirectory:49) Incoming dir: dabr\common
00:57:19 [INF] (CopyFileVisitor.visitFile:66) Copying entry: dabr\common\advert.php
00:57:19 [INF] (CopyFileVisitor.visitFile:66) Copying entry: dabr\common\Autolink.php
00:57:19 [INF] (CopyFileVisitor.visitFile:66) Copying entry: dabr\common\browser.php
00:57:19 [INF] (CopyFileVisitor.visitFile:66) Copying entry: dabr\common\Embedly.php
00:57:19 [INF] (CopyFileVisitor.visitFile:66) Copying entry: dabr\common\Extractor.php
00:57:19 [INF] (CopyFileVisitor.visitFile:66) Copying entry: dabr\common\HitHighlighter.php
00:57:19 [INF] (CopyFileVisitor.visitFile:66) Copying entry: dabr\common\lists.php
00:57:19 [INF] (CopyFileVisitor.visitFile:66) Copying entry: dabr\common\menu.php
00:57:19 [INF] (CopyFileVisitor.visitFile:66) Copying entry: dabr\common\OAuth.php
00:57:19 [INF] (CopyFileVisitor.visitFile:66) Copying entry: dabr\common\Regex.php
00:57:19 [INF] (CopyFileVisitor.visitFile:66) Copying entry: dabr\common\settings.php
00:57:19 [INF] (CopyFileVisitor.visitFile:66) Copying entry: dabr\common\theme.php
00:57:19 [INF] (CopyFileVisitor.visitFile:66) Copying entry: dabr\common\twitter.php
00:57:19 [INF] (CopyFileVisitor.visitFile:66) Copying entry: dabr\common\user.php
00:57:19 [INF] (CopyFileVisitor.visitFile:66) Copying entry: dabr\config.sample.php
00:57:19 [DBG] (CopyFileVisitor.preVisitDirectory:49) Incoming dir: dabr\images
00:57:19 [INF] (CopyFileVisitor.visitFile:66) Copying entry: dabr\images\dabr.png
00:57:19 [INF] (CopyFileVisitor.visitFile:66) Copying entry: dabr\images\dm.png
00:57:19 [INF] (CopyFileVisitor.visitFile:66) Copying entry: dabr\images\dmL.png
00:57:19 [INF] (CopyFileVisitor.visitFile:66) Copying entry: dabr\images\map.png
00:57:19 [INF] (CopyFileVisitor.visitFile:66) Copying entry: dabr\images\mapL.png
00:57:19 [INF] (CopyFileVisitor.visitFile:66) Copying entry: dabr\images\q.png
00:57:19 [INF] (CopyFileVisitor.visitFile:66) Copying entry: dabr\images\qL.png
00:57:19 [INF] (CopyFileVisitor.visitFile:66) Copying entry: dabr\images\reply.png
00:57:19 [INF] (CopyFileVisitor.visitFile:66) Copying entry: dabr\images\replyall.png
00:57:19 [INF] (CopyFileVisitor.visitFile:66) Copying entry: dabr\images\replyallL.png
00:57:19 [INF] (CopyFileVisitor.visitFile:66) Copying entry: dabr\images\replyL.png
00:57:19 [INF] (CopyFileVisitor.visitFile:66) Copying entry: dabr\images\retweet.png
00:57:19 [INF] (CopyFileVisitor.visitFile:66) Copying entry: dabr\images\retweeted.png
00:57:19 [INF] (CopyFileVisitor.visitFile:66) Copying entry: dabr\images\retweetedL.png
00:57:19 [INF] (CopyFileVisitor.visitFile:66) Copying entry: dabr\images\retweetL.png
00:57:19 [INF] (CopyFileVisitor.visitFile:66) Copying entry: dabr\images\star.png
00:57:19 [INF] (CopyFileVisitor.visitFile:66) Copying entry: dabr\images\starL.png
00:57:19 [INF] (CopyFileVisitor.visitFile:66) Copying entry: dabr\images\star_grey.png
00:57:19 [INF] (CopyFileVisitor.visitFile:66) Copying entry: dabr\images\star_greyL.png
00:57:19 [INF] (CopyFileVisitor.visitFile:66) Copying entry: dabr\images\trash.gif
00:57:19 [INF] (CopyFileVisitor.visitFile:66) Copying entry: dabr\images\trashL.png
00:57:19 [INF] (CopyFileVisitor.visitFile:66) Copying entry: dabr\images\twitter_button_2_lo.gif
00:57:19 [INF] (CopyFileVisitor.visitFile:66) Copying entry: dabr\index.php
00:57:19 [INF] (CopyFileVisitor.visitFile:66) Copying entry: dabr-r430.zip
00:57:19 [INF] (CopyFileVisitor.visitFile:66) Copying entry: lzma920.7z
00:57:19 [INF] (CopyFileVisitor.visitFile:66) Copying entry: npp.5.9.src.7z
00:57:19 [INF] (CopyFileVisitor.visitFile:66) Copying entry: winter.m4a
00:57:19 [INF] (Synchronizer.sync:64) Sync finished (484 milliseconds)
00:57:59 [INF] (Synphony.<clinit>:85) --- Wed Feb 08 00:57:59 BRST 2012 - Synphony 0.0.1 - JRE 1.7.0_01 - Windows 7 6.1 x86 - Fuad
